info it worked if it ends with ok
verbose cli [ 'node',
verbose cli   '/usr/bin/npm',
verbose cli   'install',
verbose cli   '--node-version',
verbose cli   '0.4.10' ]
info using npm@1.0.18
info using node@v0.5.3
verbose config file /Users/dickason/.npmrc
verbose config file /Users/dickason/opt/etc/npmrc
silly testEngine { name: 'mochi',
silly testEngine   version: '0.0.1',
silly testEngine   dependencies: 
silly testEngine    { express: '2.3.10',
silly testEngine      'coffee-script': '1.1.1',
silly testEngine      jade: '0.13.0',
silly testEngine      'connect-redis': '1.0.6',
silly testEngine      redis: '0.6.4',
silly testEngine      hiredis: '0.1.12',
silly testEngine      'jasmine-node': '1.0.6',
silly testEngine      mongoose: '1.8.0',
silly testEngine      winston: '0.3.4',
silly testEngine      'socket.io': '0.7.7' },
silly testEngine   _npmJsonOpts: 
silly testEngine    { dev: true,
silly testEngine      file: '/Users/dickason/code/mochi/package.json',
silly testEngine      wscript: false,
silly testEngine      contributors: false,
silly testEngine      serverjs: false },
silly testEngine   _id: 'mochi@0.0.1',
silly testEngine   devDependencies: {},
silly testEngine   engines: { node: '*' },
silly testEngine   _engineSupported: true,
silly testEngine   _npmVersion: '1.0.18',
silly testEngine   _nodeVersion: 'v0.5.3',
silly testEngine   _defaultsLoaded: true,
silly testEngine   scripts: {} }
verbose caching /Users/dickason/code/mochi/package.json
verbose loadDefaults mochi@0.0.1
verbose where, deps [ '/Users/dickason/code/mochi',
verbose where, deps   [ 'express',
verbose where, deps     'coffee-script',
verbose where, deps     'jade',
verbose where, deps     'connect-redis',
verbose where, deps     'redis',
verbose where, deps     'hiredis',
verbose where, deps     'jasmine-node',
verbose where, deps     'mongoose',
verbose where, deps     'winston',
verbose where, deps     'socket.io' ] ]
verbose from cache /Users/dickason/code/mochi/package.json
info preinstall mochi@0.0.1
silly testEngine { name: 'coffee-script',
silly testEngine   description: 'Unfancy JavaScript',
silly testEngine   keywords: [ 'javascript', 'language', 'coffeescript', 'compiler' ],
silly testEngine   author: { name: 'Jeremy Ashkenas' },
silly testEngine   version: '1.1.1',
silly testEngine   licenses: 
silly testEngine    [ { type: 'MIT',
silly testEngine        url: 'http://github.com/jashkenas/coffee-script/raw/master/LICENSE' } ],
silly testEngine   engines: { node: '>=0.2.5' },
silly testEngine   directories: { lib: './lib' },
silly testEngine   main: './lib/coffee-script',
silly testEngine   bin: { coffee: './bin/coffee', cake: './bin/cake' },
silly testEngine   homepage: 'http://coffeescript.org',
silly testEngine   repository: 
silly testEngine    { type: 'git',
silly testEngine      url: 'git://github.com/jashkenas/coffee-script.git' },
silly testEngine   _npmJsonOpts: 
silly testEngine    { file: '/Users/dickason/code/mochi/node_modules/coffee-script/package.json',
silly testEngine      wscript: false,
silly testEngine      contributors: false,
silly testEngine      serverjs: false },
silly testEngine   _id: 'coffee-script@1.1.1',
silly testEngine   dependencies: {},
silly testEngine   devDependencies: {},
silly testEngine   _engineSupported: true,
silly testEngine   _npmVersion: '1.0.18',
silly testEngine   _nodeVersion: 'v0.5.3',
silly testEngine   _defaultsLoaded: true }
verbose caching /Users/dickason/code/mochi/node_modules/coffee-script/package.json
verbose loadDefaults coffee-script@1.1.1
silly testEngine { name: 'connect-redis',
silly testEngine   description: 'Redis session store for Connect',
silly testEngine   version: '1.0.6',
silly testEngine   author: 
silly testEngine    { name: 'TJ Holowaychuk',
silly testEngine      email: 'tj@vision-media.ca' },
silly testEngine   main: './index.js',
silly testEngine   dependencies: { redis: '>= 0.0.1' },
silly testEngine   devDependencies: { connect: '1.4.x' },
silly testEngine   engines: { node: '>= 0.1.98' },
silly testEngine   _npmJsonOpts: 
silly testEngine    { file: '/Users/dickason/code/mochi/node_modules/connect-redis/package.json',
silly testEngine      wscript: false,
silly testEngine      contributors: false,
silly testEngine      serverjs: false },
silly testEngine   _id: 'connect-redis@1.0.6',
silly testEngine   _engineSupported: true,
silly testEngine   _npmVersion: '1.0.18',
silly testEngine   _nodeVersion: 'v0.5.3',
silly testEngine   _defaultsLoaded: true }
verbose caching /Users/dickason/code/mochi/node_modules/connect-redis/package.json
verbose loadDefaults connect-redis@1.0.6
silly testEngine { name: 'express',
silly testEngine   description: 'Sinatra inspired web development framework',
silly testEngine   version: '2.3.10',
silly testEngine   author: 
silly testEngine    { name: 'TJ Holowaychuk',
silly testEngine      email: 'tj@vision-media.ca' },
silly testEngine   contributors: 
silly testEngine    [ { name: 'TJ Holowaychuk',
silly testEngine        email: 'tj@vision-media.ca' },
silly testEngine      { name: 'Aaron Heckmann',
silly testEngine        email: 'aaron.heckmann+github@gmail.com' },
silly testEngine      { name: 'Ciaran Jessup', email: 'ciaranj@gmail.com' },
silly testEngine      { name: 'Guillermo Rauch', email: 'rauchg@gmail.com' } ],
silly testEngine   dependencies: 
silly testEngine    { connect: '>= 1.4.1 < 2.0.0',
silly testEngine      mime: '>= 0.0.1',
silly testEngine      qs: '>= 0.0.6' },
silly testEngine   devDependencies: 
silly testEngine    { 'connect-form': '0.2.1',
silly testEngine      ejs: '0.4.2',
silly testEngine      expresso: '0.7.2',
silly testEngine      hamljs: '0.5.1',
silly testEngine      jade: '0.11.0',
silly testEngine      stylus: '0.13.0',
silly testEngine      should: '0.2.1',
silly testEngine      'express-messages': '0.0.2',
silly testEngine      'node-markdown': '>= 0.0.1',
silly testEngine      'connect-redis': '>= 0.0.1' },
silly testEngine   keywords: [ 'framework', 'sinatra', 'web', 'rest', 'restful' ],
silly testEngine   repository: 
silly testEngine    { type: 'git',
silly testEngine      url: 'git://github.com/visionmedia/express.git' },
silly testEngine   main: 'index',
silly testEngine   bin: { express: './bin/express' },
silly testEngine   engines: { node: '>= 0.4.1 < 0.5.0' },
silly testEngine   _npmJsonOpts: 
silly testEngine    { file: '/Users/dickason/code/mochi/node_modules/express/package.json',
silly testEngine      wscript: false,
silly testEngine      contributors: false,
silly testEngine      serverjs: false },
silly testEngine   _id: 'express@2.3.10',
silly testEngine   _engineSupported: true,
silly testEngine   _npmVersion: '1.0.18',
silly testEngine   _nodeVersion: 'v0.5.3',
silly testEngine   _defaultsLoaded: true }
verbose caching /Users/dickason/code/mochi/node_modules/express/package.json
verbose loadDefaults express@2.3.10
silly testEngine { name: 'jade',
silly testEngine   description: 'Jade template engine',
silly testEngine   version: '0.13.0',
silly testEngine   author: 
silly testEngine    { name: 'TJ Holowaychuk',
silly testEngine      email: 'tj@vision-media.ca' },
silly testEngine   repository: 
silly testEngine    { type: 'git',
silly testEngine      url: 'git://github.com/visionmedia/jade.git' },
silly testEngine   main: './index.js',
silly testEngine   bin: { jade: './bin/jade' },
silly testEngine   devDependencies: 
silly testEngine    { expresso: '0.6.4',
silly testEngine      'coffee-script': '>= 0.0.1',
silly testEngine      sass: '>= 0.0.1',
silly testEngine      less: '>= 0.0.1',
silly testEngine      markdown: '>= 0.0.1',
silly testEngine      stylus: '>= 0.0.1' },
silly testEngine   scripts: { prepublish: 'npm prune' },
silly testEngine   engines: { node: '>= 0.1.98' },
silly testEngine   _npmJsonOpts: 
silly testEngine    { file: '/Users/dickason/code/mochi/node_modules/jade/package.json',
silly testEngine      wscript: false,
silly testEngine      contributors: false,
silly testEngine      serverjs: false },
silly testEngine   _id: 'jade@0.13.0',
silly testEngine   dependencies: {},
silly testEngine   _engineSupported: true,
silly testEngine   _npmVersion: '1.0.18',
silly testEngine   _nodeVersion: 'v0.5.3',
silly testEngine   _defaultsLoaded: true }
verbose caching /Users/dickason/code/mochi/node_modules/jade/package.json
verbose loadDefaults jade@0.13.0
silly testEngine { name: 'jasmine-node',
silly testEngine   version: '1.0.6',
silly testEngine   description: 'DOM-less simple JavaScript BDD testing framework for Node',
silly testEngine   homepage: 
silly testEngine    [ 'http://pivotal.github.com/jasmine',
silly testEngine      'https://github.com/mhevery/jasmine-node' ],
silly testEngine   repository: 
silly testEngine    { type: 'git',
silly testEngine      url: 'git://github.com/mhevery/jasmine-node.git' },
silly testEngine   keywords: [ 'testing', 'bdd' ],
silly testEngine   author: { name: 'Misko Hevery', email: 'misko@hevery.com' },
silly testEngine   contributors: 
silly testEngine    [ { name: 'Rajan Agaskar' },
silly testEngine      { name: 'Christian Williams' },
silly testEngine      { name: 'Davis W. Frank',
silly testEngine        email: 'dwfrank@pivotallabs.com' },
silly testEngine      { name: 'Matteo Collina',
silly testEngine        email: 'matteo.collina@gmail.com' } ],
silly testEngine   maintainers: 'Martin Häger <martin.haeger@gmail.com>',
silly testEngine   licenses: [ 'MIT' ],
silly testEngine   dependencies: { 'coffee-script': '>=1.0.1' },
silly testEngine   bin: { 'jasmine-node': 'bin/jasmine-node' },
silly testEngine   main: 'lib/jasmine-node',
silly testEngine   _npmJsonOpts: 
silly testEngine    { file: '/Users/dickason/code/mochi/node_modules/jasmine-node/package.json',
silly testEngine      wscript: false,
silly testEngine      contributors: false,
silly testEngine      serverjs: false },
silly testEngine   _id: 'jasmine-node@1.0.6',
silly testEngine   devDependencies: {},
silly testEngine   engines: { node: '*' },
silly testEngine   _engineSupported: true,
silly testEngine   _npmVersion: '1.0.18',
silly testEngine   _nodeVersion: 'v0.5.3',
silly testEngine   _defaultsLoaded: true }
verbose caching /Users/dickason/code/mochi/node_modules/jasmine-node/package.json
verbose loadDefaults jasmine-node@1.0.6
silly testEngine { name: 'mongoose',
silly testEngine   description: 'Mongoose MongoDB ORM',
silly testEngine   version: '1.8.0',
silly testEngine   author: 
silly testEngine    { name: 'Guillermo Rauch',
silly testEngine      email: 'guillermo@learnboost.com' },
silly testEngine   keywords: 
silly testEngine    [ 'mongodb',
silly testEngine      'mongoose',
silly testEngine      'orm',
silly testEngine      'data',
silly testEngine      'datastore',
silly testEngine      'nosql' ],
silly testEngine   dependencies: { hooks: '0.1.9', mongodb: '0.9.6-7', colors: '0.5.0' },
silly testEngine   devDependencies: { should: '0.2.1' },
silly testEngine   directories: { lib: './lib/mongoose' },
silly testEngine   scripts: { test: 'make test' },
silly testEngine   main: './index.js',
silly testEngine   engines: { node: '>= 0.2.0' },
silly testEngine   repository: 
silly testEngine    { type: 'git',
silly testEngine      url: 'git://github.com/LearnBoost/mongoose.git' },
silly testEngine   _npmJsonOpts: 
silly testEngine    { file: '/Users/dickason/code/mochi/node_modules/mongoose/package.json',
silly testEngine      wscript: false,
silly testEngine      contributors: false,
silly testEngine      serverjs: false },
silly testEngine   _id: 'mongoose@1.8.0',
silly testEngine   _engineSupported: true,
silly testEngine   _npmVersion: '1.0.18',
silly testEngine   _nodeVersion: 'v0.5.3',
silly testEngine   _defaultsLoaded: true }
verbose caching /Users/dickason/code/mochi/node_modules/mongoose/package.json
verbose loadDefaults mongoose@1.8.0
silly testEngine { name: 'redis',
silly testEngine   version: '0.6.4',
silly testEngine   description: 'Redis client library',
silly testEngine   author: { name: 'Matt Ranney', email: 'mjr@ranney.com' },
silly testEngine   contributors: 
silly testEngine    [ { name: 'Rick Olson' },
silly testEngine      { name: 'Tim-Smart' },
silly testEngine      { name: 'TJ Holowaychuk' },
silly testEngine      { name: 'Orion Henry' },
silly testEngine      { name: 'Hank Sims' },
silly testEngine      { name: 'Aivo Paas' },
silly testEngine      { name: 'Paul Carey' },
silly testEngine      { name: 'Pieter Noordhuis' },
silly testEngine      { name: 'Andy Ray' },
silly testEngine      { name: 'Vladimir Dronnikov' },
silly testEngine      { name: 'Dave Hoover' } ],
silly testEngine   main: './index.js',
silly testEngine   scripts: { test: 'node ./test.js' },
silly testEngine   repository: 
silly testEngine    { type: 'git',
silly testEngine      url: 'git://github.com/mranney/node_redis.git' },
silly testEngine   _npmJsonOpts: 
silly testEngine    { file: '/Users/dickason/code/mochi/node_modules/redis/package.json',
silly testEngine      wscript: false,
silly testEngine      contributors: false,
silly testEngine      serverjs: false },
silly testEngine   _id: 'redis@0.6.4',
silly testEngine   dependencies: {},
silly testEngine   devDependencies: {},
silly testEngine   engines: { node: '*' },
silly testEngine   _engineSupported: true,
silly testEngine   _npmVersion: '1.0.18',
silly testEngine   _nodeVersion: 'v0.5.3',
silly testEngine   _defaultsLoaded: true }
verbose caching /Users/dickason/code/mochi/node_modules/redis/package.json
verbose loadDefaults redis@0.6.4
silly testEngine { name: 'socket.io',
silly testEngine   version: '0.7.7',
silly testEngine   description: 'Real-time apps made cross-browser & easy with a WebSocket-like API',
silly testEngine   homepage: 'http://socket.io',
silly testEngine   keywords: 
silly testEngine    [ 'websocket',
silly testEngine      'socket',
silly testEngine      'realtime',
silly testEngine      'socket.io',
silly testEngine      'comet',
silly testEngine      'ajax' ],
silly testEngine   author: 
silly testEngine    { name: 'Guillermo Rauch',
silly testEngine      email: 'guillermo@learnboost.com' },
silly testEngine   contributors: 
silly testEngine    [ { name: 'Guillermo Rauch', email: 'rauchg@gmail.com' },
silly testEngine      { name: 'Arnout Kazemier',
silly testEngine        email: 'info@3rd-eden.com' },
silly testEngine      { name: 'Vladimir Dronnikov',
silly testEngine        email: 'dronnikov@gmail.com' } ],
silly testEngine   repository: 
silly testEngine    { type: 'git',
silly testEngine      url: 'git://github.com/LearnBoost/Socket.IO-node.git' },
silly testEngine   dependencies: 
silly testEngine    { 'socket.io-client': '0.7.4',
silly testEngine      policyfile: '0.0.3',
silly testEngine      redis: '0.6.0' },
silly testEngine   devDependencies: { expresso: '0.7.7', should: '0.0.4' },
silly testEngine   main: 'index',
silly testEngine   engines: { node: '>= 0.4.0' },
silly testEngine   _npmJsonOpts: 
silly testEngine    { file: '/Users/dickason/code/mochi/node_modules/socket.io/package.json',
silly testEngine      wscript: false,
silly testEngine      contributors: false,
silly testEngine      serverjs: false },
silly testEngine   _id: 'socket.io@0.7.7',
silly testEngine   _engineSupported: true,
silly testEngine   _npmVersion: '1.0.18',
silly testEngine   _nodeVersion: 'v0.5.3',
silly testEngine   _defaultsLoaded: true }
verbose caching /Users/dickason/code/mochi/node_modules/socket.io/package.json
verbose loadDefaults socket.io@0.7.7
silly testEngine { name: 'winston',
silly testEngine   description: 'A multi-transport async logging library for Node.js',
silly testEngine   version: '0.3.4',
silly testEngine   author: 
silly testEngine    { name: 'Charlie Robbins',
silly testEngine      email: 'charlie.robbins@gmail.com' },
silly testEngine   contributors: 
silly testEngine    [ { name: 'Matthew Bergman',
silly testEngine        email: 'mzbphoto@gmail.com' },
silly testEngine      { name: 'Marak Squires',
silly testEngine        email: 'marak@nodejitsu.com' } ],
silly testEngine   repository: 
silly testEngine    { type: 'git',
silly testEngine      url: 'git://github.com/indexzero/winston.git' },
silly testEngine   keywords: [ 'logging', 'sysadmin', 'tools' ],
silly testEngine   dependencies: 
silly testEngine    { colors: '0.x.x',
silly testEngine      eyes: '0.1.x',
silly testEngine      loggly: '0.3.x',
silly testEngine      pkginfo: '0.2.x' },
silly testEngine   devDependencies: { vows: '0.5.x' },
silly testEngine   main: './lib/winston',
silly testEngine   scripts: { test: 'vows test/*-test.js --spec' },
silly testEngine   engines: { node: '>= 0.4.0' },
silly testEngine   _npmJsonOpts: 
silly testEngine    { file: '/Users/dickason/code/mochi/node_modules/winston/package.json',
silly testEngine      wscript: false,
silly testEngine      contributors: false,
silly testEngine      serverjs: false },
silly testEngine   _id: 'winston@0.3.4',
silly testEngine   _engineSupported: true,
silly testEngine   _npmVersion: '1.0.18',
silly testEngine   _nodeVersion: 'v0.5.3',
silly testEngine   _defaultsLoaded: true }
verbose caching /Users/dickason/code/mochi/node_modules/winston/package.json
verbose loadDefaults winston@0.3.4
verbose from cache /Users/dickason/code/mochi/package.json
verbose into /Users/dickason/code/mochi [ 'express@2.3.10',
verbose into /Users/dickason/code/mochi   'coffee-script@1.1.1',
verbose into /Users/dickason/code/mochi   'jade@0.13.0',
verbose into /Users/dickason/code/mochi   'connect-redis@1.0.6',
verbose into /Users/dickason/code/mochi   'redis@0.6.4',
verbose into /Users/dickason/code/mochi   'hiredis@0.1.12',
verbose into /Users/dickason/code/mochi   'jasmine-node@1.0.6',
verbose into /Users/dickason/code/mochi   'mongoose@1.8.0',
verbose into /Users/dickason/code/mochi   'winston@0.3.4',
verbose into /Users/dickason/code/mochi   'socket.io@0.7.7' ]
verbose from cache /Users/dickason/code/mochi/node_modules/coffee-script/package.json
verbose from cache /Users/dickason/code/mochi/node_modules/connect-redis/package.json
verbose from cache /Users/dickason/code/mochi/node_modules/express/package.json
verbose from cache /Users/dickason/code/mochi/node_modules/jade/package.json
verbose from cache /Users/dickason/code/mochi/node_modules/jasmine-node/package.json
verbose from cache /Users/dickason/code/mochi/node_modules/mongoose/package.json
verbose from cache /Users/dickason/code/mochi/node_modules/redis/package.json
verbose from cache /Users/dickason/code/mochi/node_modules/socket.io/package.json
verbose from cache /Users/dickason/code/mochi/node_modules/winston/package.json
verbose already installed in /Users/dickason/code/mochi skipping jade@0.13.0
verbose already installed in /Users/dickason/code/mochi skipping connect-redis@1.0.6
verbose already installed in /Users/dickason/code/mochi skipping redis@0.6.4
verbose cache add [ 'hiredis@0.1.12', null ]
info addNamed [ 'hiredis', '0.1.12' ]
verbose addNamed [ '0.1.12', '0.1.12' ]
verbose already installed in /Users/dickason/code/mochi skipping jasmine-node@1.0.6
verbose already installed in /Users/dickason/code/mochi skipping mongoose@1.8.0
verbose already installed in /Users/dickason/code/mochi skipping winston@0.3.4
verbose already installed in /Users/dickason/code/mochi skipping socket.io@0.7.7
verbose already installed in /Users/dickason/code/mochi skipping express@2.3.10
verbose already installed in /Users/dickason/code/mochi skipping coffee-script@1.1.1
verbose GET hiredis/0.1.12
verbose raw, before any munging hiredis/0.1.12
verbose url resolving [ 'https://registry.npmjs.org/', './hiredis/0.1.12' ]
verbose url resolved https://registry.npmjs.org/hiredis/0.1.12
verbose url parsed { protocol: 'https:',
verbose url parsed   slashes: true,
verbose url parsed   host: 'registry.npmjs.org',
verbose url parsed   hostname: 'registry.npmjs.org',
verbose url parsed   href: 'https://registry.npmjs.org/hiredis/0.1.12',
verbose url parsed   pathname: '/hiredis/0.1.12' }
verbose etag "B6WW7JXWH2X639SL4FZVV18HK"
verbose response https://registry.npmjs.org/hiredis/0.1.12
silly get cb [ 304,
silly get cb   { server: 'CouchDB/1.1.0 (Erlang OTP/R14B03)',
silly get cb     etag: '"B6WW7JXWH2X639SL4FZVV18HK"',
silly get cb     date: 'Fri, 26 Aug 2011 01:40:03 GMT',
silly get cb     'content-length': '0' } ]
verbose etag hiredis/0.1.12 from cache
verbose bin dist [ null,
verbose bin dist   { shasum: 'cf6158b93b00bf680c43f9726f71251f36f2ea29',
verbose bin dist     tarball: 'http://registry.npmjs.org/hiredis/-/hiredis-0.1.12.tgz' } ]
verbose has wscript [ undefined,
verbose has wscript   { file: '/Users/dickason/.npm/hiredis/0.1.12/package/package.json',
verbose has wscript     contributors: false,
verbose has wscript     serverjs: false,
verbose has wscript     wscript: true } ]
silly testEngine { name: 'hiredis',
silly testEngine   description: 'Wrapper for reply processing code in hiredis',
silly testEngine   version: '0.1.12',
silly testEngine   homepage: 'http://github.com/pietern/hiredis-node',
silly testEngine   author: 
silly testEngine    { name: 'Pieter Noordhuis',
silly testEngine      email: 'pcnoordhuis@gmail.com' },
silly testEngine   main: 'hiredis',
silly testEngine   directories: { lib: '.' },
silly testEngine   scripts: 
silly testEngine    { preinstall: 'make || gmake',
silly testEngine      test: 'node test/reader.js' },
silly testEngine   engines: { node: '*' },
silly testEngine   _npmJsonOpts: 
silly testEngine    { file: '/Users/dickason/.npm/hiredis/0.1.12/package/package.json',
silly testEngine      contributors: false,
silly testEngine      serverjs: false,
silly testEngine      wscript: true },
silly testEngine   _id: 'hiredis@0.1.12',
silly testEngine   dependencies: {},
silly testEngine   devDependencies: {},
silly testEngine   _engineSupported: true,
silly testEngine   _npmVersion: '1.0.18',
silly testEngine   _nodeVersion: 'v0.5.3',
silly testEngine   _defaultsLoaded: true }
verbose caching /Users/dickason/.npm/hiredis/0.1.12/package/package.json
verbose loadDefaults hiredis@0.1.12
silly resolved [ { name: 'hiredis',
silly resolved     description: 'Wrapper for reply processing code in hiredis',
silly resolved     version: '0.1.12',
silly resolved     homepage: 'http://github.com/pietern/hiredis-node',
silly resolved     author: 
silly resolved      { name: 'Pieter Noordhuis',
silly resolved        email: 'pcnoordhuis@gmail.com' },
silly resolved     main: 'hiredis',
silly resolved     directories: { lib: '.' },
silly resolved     scripts: 
silly resolved      { preinstall: 'make || gmake',
silly resolved        test: 'node test/reader.js' },
silly resolved     engines: { node: '*' },
silly resolved     _npmJsonOpts: 
silly resolved      { file: '/Users/dickason/.npm/hiredis/0.1.12/package/package.json',
silly resolved        contributors: false,
silly resolved        serverjs: false,
silly resolved        wscript: true },
silly resolved     _id: 'hiredis@0.1.12',
silly resolved     dependencies: {},
silly resolved     devDependencies: {},
silly resolved     _engineSupported: true,
silly resolved     _npmVersion: '1.0.18',
silly resolved     _nodeVersion: 'v0.5.3',
silly resolved     _defaultsLoaded: true } ]
info into /Users/dickason/code/mochi hiredis@0.1.12
info installOne hiredis@0.1.12
info unbuild /Users/dickason/code/mochi/node_modules/hiredis
verbose from cache /Users/dickason/.npm/hiredis/0.1.12/package/package.json
verbose mkdir done: /Users/dickason/code/mochi/node_modules/___hiredis.npm 755
verbose unpack_ uid, gid [ undefined, undefined ]
verbose unpackTarget /Users/dickason/code/mochi/node_modules/hiredis
silly gunzTarPerm modes [ '755', '644' ]
verbose success gzip "--decompress" "--stdout" "/Users/dickason/.npm/hiredis/0.1.12/package.tgz"
verbose success tar "-mvxpf" "-" "-o" "-C" "/Users/dickason/code/mochi/node_modules/___hiredis.npm"
silly asyncMap in gTP /Users/dickason/code/mochi/node_modules/___hiredis.npm/package/
silly asyncMap in gTP /Users/dickason/code/mochi/node_modules/___hiredis.npm/package/bench.js
silly asyncMap in gTP /Users/dickason/code/mochi/node_modules/___hiredis.npm/package/hiredis.cc
silly asyncMap in gTP /Users/dickason/code/mochi/node_modules/___hiredis.npm/package/hiredis.js
silly asyncMap in gTP /Users/dickason/code/mochi/node_modules/___hiredis.npm/package/Makefile
silly asyncMap in gTP /Users/dickason/code/mochi/node_modules/___hiredis.npm/package/package.json
silly asyncMap in gTP /Users/dickason/code/mochi/node_modules/___hiredis.npm/package/parser_bench.js
silly asyncMap in gTP /Users/dickason/code/mochi/node_modules/___hiredis.npm/package/reader.cc
silly asyncMap in gTP /Users/dickason/code/mochi/node_modules/___hiredis.npm/package/reader.h
silly asyncMap in gTP /Users/dickason/code/mochi/node_modules/___hiredis.npm/package/README
silly asyncMap in gTP /Users/dickason/code/mochi/node_modules/___hiredis.npm/package/wscript
silly asyncMap in gTP /Users/dickason/code/mochi/node_modules/___hiredis.npm/package/test/
silly asyncMap in gTP /Users/dickason/code/mochi/node_modules/___hiredis.npm/package/test/reader.js
silly asyncMap in gTP /Users/dickason/code/mochi/node_modules/___hiredis.npm/package/deps/
silly asyncMap in gTP /Users/dickason/code/mochi/node_modules/___hiredis.npm/package/deps/hiredis/
silly asyncMap in gTP /Users/dickason/code/mochi/node_modules/___hiredis.npm/package/deps/hiredis/async.c
silly asyncMap in gTP /Users/dickason/code/mochi/node_modules/___hiredis.npm/package/deps/hiredis/async.h
silly asyncMap in gTP /Users/dickason/code/mochi/node_modules/___hiredis.npm/package/deps/hiredis/CHANGELOG.md
silly asyncMap in gTP /Users/dickason/code/mochi/node_modules/___hiredis.npm/package/deps/hiredis/COPYING
silly asyncMap in gTP /Users/dickason/code/mochi/node_modules/___hiredis.npm/package/deps/hiredis/dict.c
silly asyncMap in gTP /Users/dickason/code/mochi/node_modules/___hiredis.npm/package/deps/hiredis/dict.h
silly asyncMap in gTP /Users/dickason/code/mochi/node_modules/___hiredis.npm/package/deps/hiredis/example-ae.c
silly asyncMap in gTP /Users/dickason/code/mochi/node_modules/___hiredis.npm/package/deps/hiredis/example-libev.c
silly asyncMap in gTP /Users/dickason/code/mochi/node_modules/___hiredis.npm/package/deps/hiredis/example-libevent.c
silly asyncMap in gTP /Users/dickason/code/mochi/node_modules/___hiredis.npm/package/deps/hiredis/example.c
silly asyncMap in gTP /Users/dickason/code/mochi/node_modules/___hiredis.npm/package/deps/hiredis/fmacros.h
silly asyncMap in gTP /Users/dickason/code/mochi/node_modules/___hiredis.npm/package/deps/hiredis/hiredis.c
silly asyncMap in gTP /Users/dickason/code/mochi/node_modules/___hiredis.npm/package/deps/hiredis/hiredis.h
silly asyncMap in gTP /Users/dickason/code/mochi/node_modules/___hiredis.npm/package/deps/hiredis/Makefile
silly asyncMap in gTP /Users/dickason/code/mochi/node_modules/___hiredis.npm/package/deps/hiredis/net.c
silly asyncMap in gTP /Users/dickason/code/mochi/node_modules/___hiredis.npm/package/deps/hiredis/net.h
silly asyncMap in gTP /Users/dickason/code/mochi/node_modules/___hiredis.npm/package/deps/hiredis/sds.c
silly asyncMap in gTP /Users/dickason/code/mochi/node_modules/___hiredis.npm/package/deps/hiredis/README.md
silly asyncMap in gTP /Users/dickason/code/mochi/node_modules/___hiredis.npm/package/deps/hiredis/sds.h
silly asyncMap in gTP /Users/dickason/code/mochi/node_modules/___hiredis.npm/package/deps/hiredis/test.c
silly asyncMap in gTP /Users/dickason/code/mochi/node_modules/___hiredis.npm/package/deps/hiredis/adapters/
silly asyncMap in gTP /Users/dickason/code/mochi/node_modules/___hiredis.npm/package/deps/hiredis/adapters/ae.h
silly asyncMap in gTP /Users/dickason/code/mochi/node_modules/___hiredis.npm/package/deps/hiredis/adapters/libev.h
silly asyncMap in gTP /Users/dickason/code/mochi/node_modules/___hiredis.npm/package/deps/hiredis/adapters/libevent.h
verbose gunzed /Users/dickason/code/mochi/node_modules/___hiredis.npm/package
verbose rm'ed /Users/dickason/code/mochi/node_modules/hiredis
verbose renamed [ '/Users/dickason/code/mochi/node_modules/___hiredis.npm/package',
verbose renamed   '/Users/dickason/code/mochi/node_modules/hiredis' ]
verbose has wscript [ undefined,
verbose has wscript   { file: '/Users/dickason/code/mochi/node_modules/hiredis/package.json',
verbose has wscript     contributors: false,
verbose has wscript     serverjs: false,
verbose has wscript     wscript: true } ]
silly testEngine { name: 'hiredis',
silly testEngine   description: 'Wrapper for reply processing code in hiredis',
silly testEngine   version: '0.1.12',
silly testEngine   homepage: 'http://github.com/pietern/hiredis-node',
silly testEngine   author: 
silly testEngine    { name: 'Pieter Noordhuis',
silly testEngine      email: 'pcnoordhuis@gmail.com' },
silly testEngine   main: 'hiredis',
silly testEngine   directories: { lib: '.' },
silly testEngine   scripts: 
silly testEngine    { preinstall: 'make || gmake',
silly testEngine      test: 'node test/reader.js' },
silly testEngine   engines: { node: '*' },
silly testEngine   _npmJsonOpts: 
silly testEngine    { file: '/Users/dickason/code/mochi/node_modules/hiredis/package.json',
silly testEngine      contributors: false,
silly testEngine      serverjs: false,
silly testEngine      wscript: true },
silly testEngine   _id: 'hiredis@0.1.12',
silly testEngine   dependencies: {},
silly testEngine   devDependencies: {},
silly testEngine   _engineSupported: true,
silly testEngine   _npmVersion: '1.0.18',
silly testEngine   _nodeVersion: 'v0.5.3',
silly testEngine   _defaultsLoaded: true }
verbose caching /Users/dickason/code/mochi/node_modules/hiredis/package.json
verbose loadDefaults hiredis@0.1.12
info preinstall hiredis@0.1.12
verbose unsafe-perm in lifecycle true
silly exec sh "-c" "make || gmake"
info hiredis@0.1.12 Failed to exec preinstall script
ERR! error installing hiredis@0.1.12 Error: hiredis@0.1.12 preinstall: `make || gmake`
ERR! error installing hiredis@0.1.12 `sh "-c" "make || gmake"` failed with 127
ERR! error installing hiredis@0.1.12     at ChildProcess.<anonymous> (/usr/lib/node_modules/npm/lib/utils/exec.js:49:20)
ERR! error installing hiredis@0.1.12     at ChildProcess.emit (events.js:70:17)
ERR! error installing hiredis@0.1.12     at ChildProcess.onexit (child_process_legacy.js:246:12)
info unbuild /Users/dickason/code/mochi/node_modules/hiredis
verbose from cache /Users/dickason/code/mochi/node_modules/hiredis/package.json
info preuninstall hiredis@0.1.12
info uninstall hiredis@0.1.12
verbose unbuild hiredis@0.1.12 [ false,
verbose unbuild hiredis@0.1.12   '/Users/dickason/opt/lib/node_modules',
verbose unbuild hiredis@0.1.12   '/Users/dickason/code/mochi/node_modules' ]
info postuninstall hiredis@0.1.12
verbose installOne cb hiredis@0.1.12
ERR! hiredis@0.1.12 preinstall: `make || gmake`
ERR! `sh "-c" "make || gmake"` failed with 127
ERR! 
ERR! Failed at the hiredis@0.1.12 preinstall script.
ERR! This is most likely a problem with the hiredis package,
ERR! not with npm itself.
ERR! Tell the author that this fails on your system:
ERR!     make || gmake
ERR! You can get their info via:
ERR!     npm owner ls hiredis
ERR! There is likely additional logging output above.
ERR! 
ERR! System Darwin 11.1.0
ERR! command "node" "/usr/bin/npm" "install" "--node-version" "0.4.10"
ERR! cwd /Users/dickason/code/mochi
ERR! node -v v0.5.3
ERR! npm -v 1.0.18
verbose exit [ 1, true ]
